Grammar

    0 $accept: examples $end

    1 examples: example
    2         | examples example

    3 example: terms '\n'

    4 terms: terms '-' TR
    5      | terms '-' TC
    6      | TC

    7 TC: concept

    8 TR: sambanXaH


Terminals, with rules where they appear

    $end (0) 0
    '\n' (10) 3
    '-' (45) 4 5
    error (256)
    sambanXaH <nodeinfo> (258) 8
    concept <nodeinfo> (259) 7


Nonterminals, with rules where they appear

    $accept (7)
        on left: 0
    examples (8)
        on left: 1 2
        on right: 0 2
    example (9)
        on left: 3
        on right: 1 2
    terms <nodeinfo> (10)
        on left: 4 5 6
        on right: 3 4 5
    TC <nodeinfo> (11)
        on left: 7
        on right: 5 6
    TR <nodeinfo> (12)
        on left: 8
        on right: 4


State 0

    0 $accept: . examples $end

    concept  shift, and go to state 1

    examples  go to state 2
    example   go to state 3
    terms     go to state 4
    TC        go to state 5


State 1

    7 TC: concept .

    $default  reduce using rule 7 (TC)


State 2

    0 $accept: examples . $end
    2 examples: examples . example

    $end     shift, and go to state 6
    concept  shift, and go to state 1

    example  go to state 7
    terms    go to state 4
    TC       go to state 5


State 3

    1 examples: example .

    $default  reduce using rule 1 (examples)


State 4

    3 example: terms . '\n'
    4 terms: terms . '-' TR
    5      | terms . '-' TC

    '\n'  shift, and go to state 8
    '-'   shift, and go to state 9


State 5

    6 terms: TC .

    $default  reduce using rule 6 (terms)


State 6

    0 $accept: examples $end .

    $default  accept


State 7

    2 examples: examples example .

    $default  reduce using rule 2 (examples)


State 8

    3 example: terms '\n' .

    $default  reduce using rule 3 (example)


State 9

    4 terms: terms '-' . TR
    5      | terms '-' . TC

    sambanXaH  shift, and go to state 10
    concept    shift, and go to state 1

    TC  go to state 11
    TR  go to state 12


State 10

    8 TR: sambanXaH .

    $default  reduce using rule 8 (TR)


State 11

    5 terms: terms '-' TC .

    $default  reduce using rule 5 (terms)


State 12

    4 terms: terms '-' TR .

    $default  reduce using rule 4 (terms)
